<?xml version="1.0" encoding="UTF-8"?>
<!-- Generated by org.testng.reporters.JUnitReportReporter -->
<testsuite skipped="0" hostname="Ravinder" name="maven_GitHub_Jenkins.Jenkins_Demo" tests="1" failures="0" timestamp="2020-09-11T12:02:48 IST" time="28.928" errors="0">
  <testcase name="BLaunch" time="28.928" classname="maven_GitHub_Jenkins.Jenkins_Demo"/>
  <system-out/>
</testsuite> <!-- maven_GitHub_Jenkins.Jenkins_Demo -->
